#
# A fatal error has been detected by the Java Runtime Environment:
#
#  EXCEPTION_ACCESS_VIOLATION (0xc0000005) at pc=0x00007ffa0d308f29, pid=7456, tid=456
#
# JRE version:  (11.0.1+13) (build )
# Java VM: Java HotSpot(TM) 64-Bit Server VM (11.0.1+13-LTS, mixed mode, aot, sharing, tiered, compressed oops, g1 gc, windows-amd64)
# Problematic frame:
# V  [jvm.dll+0x1e8f29]
#
# No core dump will be written. Minidumps are not enabled by default on client versions of Windows
#
# If you would like to submit a bug report, please visit:
#   http://bugreport.java.com/bugreport/crash.jsp
#

---------------  S U M M A R Y ------------

Command Line: 

Host: Intel(R) Core(TM) i5-6200U CPU @ 2.30GHz, 4 cores, 7G,  Windows 10 , 64 bit Build 18362 (10.0.18362.329)
Time: Wed Feb 26 10:51:37 2020 Türkiye Standart Saati elapsed time: 0 seconds (0d 0h 0m 0s)

---------------  T H R E A D  ---------------

Current thread (0x00000214124c8000):  JavaThread "Unknown thread" [_thread_in_vm, id=456, stack(0x0000004741600000,0x0000004741700000)]

Stack: [0x0000004741600000,0x0000004741700000],  sp=0x00000047416ff310,  free space=1020k
Native frames: (J=compiled Java code, j=interpreted, Vv=VM code, C=native code)
V  [jvm.dll+0x1e8f29]
V  [jvm.dll+0x1e73d3]
V  [jvm.dll+0x37524b]
V  [jvm.dll+0x7394a9]
V  [jvm.dll+0x3e467d]
V  [jvm.dll+0x3e6951]
C  [java.exe+0x3603]
C  [java.exe+0x178dc]
C  [KERNEL32.DLL+0x17bd4]
C  [ntdll.dll+0x6ced1]


siginfo: EXCEPTION_ACCESS_VIOLATION (0xc0000005), reading address 0x0000000000000000


Registers:
RAX=0x0000a0d04c974038, RBX=0x0000000000000000, RCX=0x0000000000000000, RDX=0x0000000000000006
RSP=0x00000047416ff310, RBP=0x0000000000000000, RSI=0x00000214124c8000, RDI=0x0000000000000000
R8 =0x0000000000000006, R9 =0x0000000000000006, R10=0x0000000000000006, R11=0x00000047416feb80
R12=0x0000000000000000, R13=0x00007ffa0d706d90, R14=0x0000021410402f08, R15=0x00000047416ffd68
RIP=0x00007ffa0d308f29, EFLAGS=0x0000000000010256

Top of Stack: (sp=0x00000047416ff310)
0x00000047416ff310:   000002141040f300 00007ffa686bc6b0
0x00000047416ff320:   00000047416ffd68 0000021410402f08
0x00000047416ff330:   0000000000000000 0000000000000400
0x00000047416ff340:   00008d20f2ec5782 00007ffa0d706d90
0x00000047416ff350:   0000000000000000 00000047416ffd68
0x00000047416ff360:   0000021410402f08 00007ffa0d706d90
0x00000047416ff370:   0000000000000000 00007ffa38990000
0x00000047416ff380:   00007ffa0d992558 0000000000000000
0x00000047416ff390:   00007ffa0d307277 00007ffa68671afc
0x00000047416ff3a0:   0000000000000000 00007ffa0d7845dd
0x00000047416ff3b0:   0000a0d04c974038 0000021410402f08
0x00000047416ff3c0:   00007ffa00000000 00007ffa0d706d90
0x00000047416ff3d0:   00000214124c8000 00000047416ff4f0
0x00000047416ff3e0:   0000000000000000 00007ffa0d3073d3
0x00000047416ff3f0:   00007ffa35c30000 00007ffa3899d088
0x00000047416ff400:   00000047416ff4f0 00000214124c8000 

Instructions: (pc=0x00007ffa0d308f29)
0x00007ffa0d308f09:   b8 00 00 00 48 8b 05 bc 40 85 00 48 33 c4 48 89
0x00007ffa0d308f19:   84 24 a0 00 00 00 48 8b e9 48 83 cb ff 48 ff c3
0x00007ffa0d308f29:   80 3c 0b 00 75 f7 33 f6 c6 44 24 30 01 40 38 35
0x00007ffa0d308f39:   c2 62 88 00 74 17 40 38 35 a3 c9 87 00 75 0e 33 



---------------  P R O C E S S  ---------------

Threads class SMR info:
_java_thread_list=0x0000021410402d40, length=0, elements={
}

Java Threads: ( => current thread )

Other Threads:

[error occurred during error reporting (printing all threads), id 0xc0000005, EXCEPTION_ACCESS_VIOLATION (0xc0000005) at pc=0x00007ffa0d85e1fd]

VM state:not at safepoint (not fully initialized)

VM Mutex/Monitor currently owned by a thread: None


[error occurred during error reporting (printing compressed oops mode), id 0xc0000005, EXCEPTION_ACCESS_VIOLATION (0xc0000005) at pc=0x00007ffa0d873b67]

Deoptimization events (0 events):
No events

Classes redefined (0 events):
No events

Internal exceptions (0 events):
No events

Events (0 events):
No events


Dynamic libraries:
0x00007ff72a1d0000 - 0x00007ff72a217000 	C:\Program Files\Java\jdk-11.0.1\bin\java.exe
0x00007ffa6ae40000 - 0x00007ffa6b030000 	C:\WINDOWS\SYSTEM32\ntdll.dll
0x00007ffa6a6a0000 - 0x00007ffa6a752000 	C:\WINDOWS\System32\KERNEL32.DLL
0x00007ffa68660000 - 0x00007ffa68903000 	C:\WINDOWS\System32\KERNELBASE.dll
0x00007ffa692c0000 - 0x00007ffa69363000 	C:\WINDOWS\System32\ADVAPI32.dll
0x00007ffa69690000 - 0x00007ffa6972e000 	C:\WINDOWS\System32\msvcrt.dll
0x00007ffa68ef0000 - 0x00007ffa68f87000 	C:\WINDOWS\System32\sechost.dll
0x00007ffa69130000 - 0x00007ffa69250000 	C:\WINDOWS\System32\RPCRT4.dll
0x00007ffa694f0000 - 0x00007ffa69684000 	C:\WINDOWS\System32\USER32.dll
0x00007ffa68ec0000 - 0x00007ffa68ee1000 	C:\WINDOWS\System32\win32u.dll
0x00007ffa69c10000 - 0x00007ffa69c36000 	C:\WINDOWS\System32\GDI32.dll
0x00007ffa68b80000 - 0x00007ffa68d14000 	C:\WINDOWS\System32\gdi32full.dll
0x00007ffa68da0000 - 0x00007ffa68e3e000 	C:\WINDOWS\System32\msvcp_win.dll
0x00007ffa68930000 - 0x00007ffa68a2a000 	C:\WINDOWS\System32\ucrtbase.dll
0x00007ffa57f20000 - 0x00007ffa581a5000 	C:\WINDOWS\WinSxS\amd64_microsoft.windows.common-controls_6595b64144ccf1df_6.0.18362.657_none_e6c5b579130e3898\COMCTL32.dll
0x00007ffa63970000 - 0x00007ffa6397a000 	C:\WINDOWS\SYSTEM32\VERSION.dll
0x00007ffa69850000 - 0x00007ffa69b86000 	C:\WINDOWS\System32\combase.dll
0x00007ffa68d20000 - 0x00007ffa68da0000 	C:\WINDOWS\System32\bcryptPrimitives.dll
0x00007ffa6a510000 - 0x00007ffa6a53e000 	C:\WINDOWS\System32\IMM32.DLL
0x00007ffa38c70000 - 0x00007ffa38c86000 	C:\Program Files\Java\jdk-11.0.1\bin\vcruntime140.dll
0x00007ffa2e830000 - 0x00007ffa2e8da000 	C:\Program Files\Java\jdk-11.0.1\bin\msvcp140.dll
0x00007ffa0d120000 - 0x00007ffa0dc62000 	C:\Program Files\Java\jdk-11.0.1\bin\server\jvm.dll
0x00007ffa6ac40000 - 0x00007ffa6ac48000 	C:\WINDOWS\System32\PSAPI.DLL
0x00007ffa659e0000 - 0x00007ffa65a04000 	C:\WINDOWS\SYSTEM32\WINMM.dll
0x00007ffa66850000 - 0x00007ffa66859000 	C:\WINDOWS\SYSTEM32\WSOCK32.dll
0x00007ffa697b0000 - 0x00007ffa6981f000 	C:\WINDOWS\System32\WS2_32.dll
0x00007ffa659a0000 - 0x00007ffa659cd000 	C:\WINDOWS\SYSTEM32\WINMMBASE.dll
0x00007ffa68e70000 - 0x00007ffa68eba000 	C:\WINDOWS\System32\cfgmgr32.dll
0x00007ffa67d90000 - 0x00007ffa67da1000 	C:\WINDOWS\System32\kernel.appcore.dll
0x00007ffa389f0000 - 0x00007ffa38a01000 	C:\Program Files\Java\jdk-11.0.1\bin\verify.dll
0x00007ffa664b0000 - 0x00007ffa666a4000 	C:\WINDOWS\SYSTEM32\DBGHELP.DLL
0x00007ffa55e80000 - 0x00007ffa55eaa000 	C:\WINDOWS\SYSTEM32\dbgcore.DLL
0x00007ffa38990000 - 0x00007ffa389b9000 	C:\Program Files\Java\jdk-11.0.1\bin\java.dll
0x00007ffa35c30000 - 0x00007ffa35c46000 	C:\Program Files\Java\jdk-11.0.1\bin\zip.dll
0x00007ffa3b510000 - 0x00007ffa3b51a000 	C:\Program Files\Java\jdk-11.0.1\bin\jimage.dll

dbghelp: loaded successfully - version: 4.0.5 - missing functions: none
symbol engine: initialized successfully - sym options: 0x614 - pdb path: .;C:\Program Files\Java\jdk-11.0.1\bin;C:\WINDOWS\SYSTEM32;C:\WINDOWS\WinSxS\amd64_microsoft.windows.common-controls_6595b64144ccf1df_6.0.18362.657_none_e6c5b579130e3898;C:\Program Files\Java\jdk-11.0.1\bin\server

VM Arguments:
java_command: <unknown>
java_class_path (initial): <not set>
Launcher Type: SUN_STANDARD

[Global flags]
     uint G1ConcRefinementThreads                  = 4                                         {product} {ergonomic}
    uintx GCDrainStackTargetSize                   = 64                                        {product} {ergonomic}
   size_t InitialHeapSize                          = 132560832                                 {product} {ergonomic}
   size_t MaxHeapSize                              = 2120973312                                {product} {ergonomic}
    uintx ReservedCodeCacheSize                    = 251658240                              {pd product} {ergonomic}
     bool SegmentedCodeCache                       = true                                      {product} {ergonomic}
     bool UseCompressedClassPointers               = true                                 {lp64_product} {ergonomic}
     bool UseCompressedOops                        = true                                 {lp64_product} {ergonomic}
     bool UseG1GC                                  = true                                      {product} {ergonomic}
     bool UseLargePagesIndividualAllocation        = false                                  {pd product} {ergonomic}

Logging:
Log output configuration:
 #0: stdout all=warning uptime,level,tags
 #1: stderr all=off uptime,level,tags

Environment Variables:
PATH=D:\app\VodviL\product\11.2.0\dbhome_1\bin;C:\Program Files (x86)\Common Files\Intel\Shared Libraries\redist\intel64\compiler;C:\Program Files (x86)\Common Files\Oracle\Java\javapath;C:\ProgramData\Oracle\Java\javapath;C:\Windows\system32;C:\Windows;C:\Windows\System32\Wbem;C:\Windows\System32\WindowsPowerShell\v1.0\;C:\Windows\System32\OpenSSH\;C:\Program Files (x86)\NVIDIA Corporation\PhysX\Common;C:\Program Files\NVIDIA Corporation\NVIDIA NvDLISR;C:\Program Files (x86)\GtkSharp\2.12\bin;C:\WINDOWS\system32\config\systemprofile\.dnx\bin;C:\Program Files\Microsoft DNX\Dnvm\;C:\Program Files\Microsoft SQL Server\120\Tools\Binn\;C:\Program Files\dotnet\;C:\Program Files\Java\jdk-11.0.1\bin;D:\Vodvil\Programs\Git\cmd;C:\Program Files\Microsoft VS Code\bin;C:\WINDOWS\system32;C:\WINDOWS;C:\WINDOWS\System32\Wbem;C:\WINDOWS\System32\WindowsPowerShell\v1.0\;C:\WINDOWS\System32\OpenSSH\;C:\Program Files\flutter\bin;C:\Program Files\nodejs\;C:\Users\VodviL\AppData\Local\Programs\Python\Python37;C:\Users\VodviL\AppData\Local\Programs\Python\Python37\Scripts;C:\Users\VodviL\AppData\Local\Android\Sdk\platform-tools;C:\Users\VodviL\AppData\Local\Android\Sdk\tools;
USERNAME=VodviL
OS=Windows_NT
PROCESSOR_IDENTIFIER=Intel64 Family 6 Model 78 Stepping 3, GenuineIntel



---------------  S Y S T E M  ---------------

OS: Windows 10 , 64 bit Build 18362 (10.0.18362.329)

CPU:total 4 (initial active 4) 

Memory: 4k page, system-wide physical 8090M (2785M free)
TotalPageFile size 16282M (AvailPageFile size 7222M)
current process WorkingSet (physical memory assigned to process): 8M, peak: 8M
current process commit charge ("private bytes"): 3M, peak: 3M

vm_info: Java HotSpot(TM) 64-Bit Server VM (11.0.1+13-LTS) for windows-amd64 JRE (11.0.1+13-LTS), built on Oct  6 2018 13:20:16 by "mach5one" with MS VC++ 15.5 (VS2017)

END.
